<?xml version="1.0" encoding="UTF-8"?>
<testsuite name="lv.javaguru.java3.databasetmp.RouteDAOImplTest" tests="1" skipped="0" failures="0" errors="0" timestamp="2016-11-07T00:46:14" hostname="Speedy" time="0.054">
  <properties/>
  <testcase name="test" classname="lv.javaguru.java3.databasetmp.RouteDAOImplTest" time="0.054"/>
  <system-out><![CDATA[02:46:11.877 [Test worker] DEBUG o.s.t.c.j.SpringJUnit4ClassRunner - SpringJUnit4ClassRunner constructor called with [class lv.javaguru.java3.databasetmp.RouteDAOImplTest]
02:46:11.885 [Test worker] DEBUG o.s.test.context.BootstrapUtils - Instantiating TestContextBootstrapper from class [org.springframework.test.context.support.DefaultTestContextBootstrapper]
02:46:11.892 [Test worker] DEBUG o.s.t.c.s.DefaultTestContextBootstrapper - Found explicit ContextLoader class [org.springframework.boot.test.SpringApplicationContextLoader] for context configuration attributes [ContextConfigurationAttributes@4e7e5355 declaringClass = 'lv.javaguru.java3.databasetmp.DatabaseHibernateTest', classes = '{class lv.javaguru.java3.config.CoreConfig}', locations = '{}', inheritLocations = true, initializers = '{}', inheritInitializers = true, name = [null], contextLoaderClass = 'org.springframework.boot.test.SpringApplicationContextLoader']
02:46:11.896 [Test worker] DEBUG o.s.t.c.support.ActiveProfilesUtils - Could not find an 'annotation declaring class' for annotation type [org.springframework.test.context.ActiveProfiles] and class [lv.javaguru.java3.databasetmp.RouteDAOImplTest]
02:46:11.898 [Test worker] DEBUG o.s.t.c.s.DefaultTestContextBootstrapper - @TestExecutionListeners is not present for class [lv.javaguru.java3.databasetmp.RouteDAOImplTest]: using defaults.
02:46:11.902 [Test worker] INFO  o.s.t.c.s.DefaultTestContextBootstrapper - Loaded default TestExecutionListener class names from location [META-INF/spring.factories]: [org.springframework.test.context.web.ServletTestExecutionListener, org.springframework.test.context.support.DependencyInjectionTestExecutionListener, org.springframework.test.context.support.DirtiesContextTestExecutionListener, org.springframework.test.context.transaction.TransactionalTestExecutionListener, org.springframework.test.context.jdbc.SqlScriptsTestExecutionListener]
02:46:11.904 [Test worker] INFO  o.s.t.c.s.DefaultTestContextBootstrapper - Could not instantiate TestExecutionListener [org.springframework.test.context.web.ServletTestExecutionListener]. Specify custom listener classes or make the default listener classes (and their required dependencies) available. Offending class: [javax/servlet/ServletContext]
02:46:11.910 [Test worker] INFO  o.s.t.c.s.DefaultTestContextBootstrapper - Using TestExecutionListeners: [org.springframework.test.context.support.DependencyInjectionTestExecutionListener@5c03b90f, org.springframework.test.context.support.DirtiesContextTestExecutionListener@667ba89, org.springframework.test.context.transaction.TransactionalTestExecutionListener@7db4e53c, org.springframework.test.context.jdbc.SqlScriptsTestExecutionListener@32b4979d]
02:46:11.912 [Test worker] DEBUG o.s.t.annotation.ProfileValueUtils - Retrieved @ProfileValueSourceConfiguration [null] for test class [lv.javaguru.java3.databasetmp.RouteDAOImplTest]
02:46:11.912 [Test worker] DEBUG o.s.t.annotation.ProfileValueUtils - Retrieved ProfileValueSource type [class org.springframework.test.annotation.SystemProfileValueSource] for class [lv.javaguru.java3.databasetmp.RouteDAOImplTest]
02:46:11.913 [Test worker] DEBUG o.s.t.annotation.ProfileValueUtils - Retrieved @ProfileValueSourceConfiguration [null] for test class [lv.javaguru.java3.databasetmp.RouteDAOImplTest]
02:46:11.913 [Test worker] DEBUG o.s.t.annotation.ProfileValueUtils - Retrieved ProfileValueSource type [class org.springframework.test.annotation.SystemProfileValueSource] for class [lv.javaguru.java3.databasetmp.RouteDAOImplTest]
02:46:11.915 [Test worker] DEBUG o.s.t.annotation.ProfileValueUtils - Retrieved @ProfileValueSourceConfiguration [null] for test class [lv.javaguru.java3.databasetmp.RouteDAOImplTest]
02:46:11.915 [Test worker] DEBUG o.s.t.annotation.ProfileValueUtils - Retrieved ProfileValueSource type [class org.springframework.test.annotation.SystemProfileValueSource] for class [lv.javaguru.java3.databasetmp.RouteDAOImplTest]
02:46:11.916 [Test worker] DEBUG o.s.t.c.s.DependencyInjectionTestExecutionListener - Performing dependency injection for test context [[DefaultTestContext@2bda4697 testClass = RouteDAOImplTest, testInstance = lv.javaguru.java3.databasetmp.RouteDAOImplTest@347b847d, testMethod = [null], testException = [null], mergedContextConfiguration = [MergedContextConfiguration@693888e testClass = RouteDAOImplTest, locations = '{}', classes = '{class lv.javaguru.java3.config.CoreConfig}', contextInitializerClasses = '[]', activeProfiles = '{}', propertySourceLocations = '{}', propertySourceProperties = '{}', contextLoader = 'org.springframework.boot.test.SpringApplicationContextLoader', parent = [null]]]].
02:46:11.958 [Test worker] DEBUG o.s.core.env.StandardEnvironment - Adding [systemProperties] PropertySource with lowest search precedence
02:46:11.959 [Test worker] DEBUG o.s.core.env.StandardEnvironment - Adding [systemEnvironment] PropertySource with lowest search precedence
02:46:11.959 [Test worker] DEBUG o.s.core.env.StandardEnvironment - Initialized StandardEnvironment with PropertySources [systemProperties,systemEnvironment]
02:46:11.960 [Test worker] DEBUG o.s.core.env.StandardEnvironment - Adding [integrationTest] PropertySource with search precedence immediately lower than [systemEnvironment]

  .   ____          _            __ _ _
 /\\ / ___'_ __ _ _(_)_ __  __ _ \ \ \ \
( ( )\___ | '_ | '_| | '_ \/ _` | \ \ \ \
 \\/  ___)| |_)| | | | | || (_| |  ) ) ) )
  '  |____| .__|_| |_|_| |_\__, | / / / /
 =========|_|==============|___/=/_/_/_/
 :: Spring Boot ::        (v1.2.7.RELEASE)

2016-11-07 02:46:12.087  INFO 31659 --- [    Test worker] l.j.java3.databasetmp.RouteDAOImplTest   : Starting RouteDAOImplTest on Speedy with PID 31659 (/media/algis/data/algis/it/Java/IdeaProjects/JavaSchool/core/build/classes/test started by algis in /media/algis/data/algis/it/Java/IdeaProjects/JavaSchool/core)
2016-11-07 02:46:12.102  INFO 31659 --- [    Test worker] s.c.a.AnnotationConfigApplicationContext : Refreshing org.springframework.context.annotation.AnnotationConfigApplicationContext@5c9861cf: startup date [Mon Nov 07 02:46:12 EET 2016]; root of context hierarchy
2016-11-07 02:46:13.002  INFO 31659 --- [    Test worker] liquibase                                : Successfully acquired change log lock
2016-11-07 02:46:13.371  INFO 31659 --- [    Test worker] liquibase                                : Creating database history table with name: PUBLIC.DATABASECHANGELOG
2016-11-07 02:46:13.376  INFO 31659 --- [    Test worker] liquibase                                : Reading from PUBLIC.DATABASECHANGELOG
2016-11-07 02:46:13.387  INFO 31659 --- [    Test worker] liquibase                                : classpath:/liquibase/db.changelog-master.xml: liquibase/changelogs/db.changelog.01__clients.xml::1::viktor: Sequence clients_seq created
2016-11-07 02:46:13.388  INFO 31659 --- [    Test worker] liquibase                                : classpath:/liquibase/db.changelog-master.xml: liquibase/changelogs/db.changelog.01__clients.xml::1::viktor: ChangeSet liquibase/changelogs/db.changelog.01__clients.xml::1::viktor ran successfully in 1ms
2016-11-07 02:46:13.392  INFO 31659 --- [    Test worker] liquibase                                : classpath:/liquibase/db.changelog-master.xml: liquibase/changelogs/db.changelog.01__clients.xml::2::viktor: Table clients created
2016-11-07 02:46:13.393  INFO 31659 --- [    Test worker] liquibase                                : classpath:/liquibase/db.changelog-master.xml: liquibase/changelogs/db.changelog.01__clients.xml::2::viktor: ChangeSet liquibase/changelogs/db.changelog.01__clients.xml::2::viktor ran successfully in 1ms
2016-11-07 02:46:13.398  INFO 31659 --- [    Test worker] liquibase                                : classpath:/liquibase/db.changelog-master.xml: liquibase/changelogs/db.changelog.02__transport_types.xml::1::algis: Table transport_types created
2016-11-07 02:46:13.399  INFO 31659 --- [    Test worker] liquibase                                : classpath:/liquibase/db.changelog-master.xml: liquibase/changelogs/db.changelog.02__transport_types.xml::1::algis: ChangeSet liquibase/changelogs/db.changelog.02__transport_types.xml::1::algis ran successfully in 2ms
2016-11-07 02:46:13.402  INFO 31659 --- [    Test worker] liquibase                                : classpath:/liquibase/db.changelog-master.xml: liquibase/changelogs/db.changelog.02__transport_types.xml::2::algis: New row inserted into transport_types
2016-11-07 02:46:13.403  INFO 31659 --- [    Test worker] liquibase                                : classpath:/liquibase/db.changelog-master.xml: liquibase/changelogs/db.changelog.02__transport_types.xml::2::algis: New row inserted into transport_types
2016-11-07 02:46:13.404  INFO 31659 --- [    Test worker] liquibase                                : classpath:/liquibase/db.changelog-master.xml: liquibase/changelogs/db.changelog.02__transport_types.xml::2::algis: New row inserted into transport_types
2016-11-07 02:46:13.404  INFO 31659 --- [    Test worker] liquibase                                : classpath:/liquibase/db.changelog-master.xml: liquibase/changelogs/db.changelog.02__transport_types.xml::2::algis: ChangeSet liquibase/changelogs/db.changelog.02__transport_types.xml::2::algis ran successfully in 2ms
2016-11-07 02:46:13.407  INFO 31659 --- [    Test worker] liquibase                                : classpath:/liquibase/db.changelog-master.xml: liquibase/changelogs/db.changelog.02__transport_types.xml::3::algis: Sequence transport_types_seq created
2016-11-07 02:46:13.407  INFO 31659 --- [    Test worker] liquibase                                : classpath:/liquibase/db.changelog-master.xml: liquibase/changelogs/db.changelog.02__transport_types.xml::3::algis: ChangeSet liquibase/changelogs/db.changelog.02__transport_types.xml::3::algis ran successfully in 0ms
2016-11-07 02:46:13.411  INFO 31659 --- [    Test worker] liquibase                                : classpath:/liquibase/db.changelog-master.xml: liquibase/changelogs/db.changelog.03__routes.xml::1::algis: Table routes created
2016-11-07 02:46:13.411  INFO 31659 --- [    Test worker] liquibase                                : classpath:/liquibase/db.changelog-master.xml: liquibase/changelogs/db.changelog.03__routes.xml::1::algis: ChangeSet liquibase/changelogs/db.changelog.03__routes.xml::1::algis ran successfully in 2ms
2016-11-07 02:46:13.417  INFO 31659 --- [    Test worker] liquibase                                : classpath:/liquibase/db.changelog-master.xml: liquibase/changelogs/db.changelog.03__routes.xml::2::algis: Foreign key contraint added to routes (transport_type_id)
2016-11-07 02:46:13.418  INFO 31659 --- [    Test worker] liquibase                                : classpath:/liquibase/db.changelog-master.xml: liquibase/changelogs/db.changelog.03__routes.xml::2::algis: ChangeSet liquibase/changelogs/db.changelog.03__routes.xml::2::algis ran successfully in 4ms
2016-11-07 02:46:13.421  INFO 31659 --- [    Test worker] liquibase                                : classpath:/liquibase/db.changelog-master.xml: liquibase/changelogs/db.changelog.03__routes.xml::3::algis: New row inserted into routes
2016-11-07 02:46:13.422  INFO 31659 --- [    Test worker] liquibase                                : classpath:/liquibase/db.changelog-master.xml: liquibase/changelogs/db.changelog.03__routes.xml::3::algis: New row inserted into routes
2016-11-07 02:46:13.423  INFO 31659 --- [    Test worker] liquibase                                : classpath:/liquibase/db.changelog-master.xml: liquibase/changelogs/db.changelog.03__routes.xml::3::algis: New row inserted into routes
2016-11-07 02:46:13.424  INFO 31659 --- [    Test worker] liquibase                                : classpath:/liquibase/db.changelog-master.xml: liquibase/changelogs/db.changelog.03__routes.xml::3::algis: New row inserted into routes
2016-11-07 02:46:13.425  INFO 31659 --- [    Test worker] liquibase                                : classpath:/liquibase/db.changelog-master.xml: liquibase/changelogs/db.changelog.03__routes.xml::3::algis: New row inserted into routes
2016-11-07 02:46:13.426  INFO 31659 --- [    Test worker] liquibase                                : classpath:/liquibase/db.changelog-master.xml: liquibase/changelogs/db.changelog.03__routes.xml::3::algis: New row inserted into routes
2016-11-07 02:46:13.426  INFO 31659 --- [    Test worker] liquibase                                : classpath:/liquibase/db.changelog-master.xml: liquibase/changelogs/db.changelog.03__routes.xml::3::algis: ChangeSet liquibase/changelogs/db.changelog.03__routes.xml::3::algis ran successfully in 6ms
2016-11-07 02:46:13.431  INFO 31659 --- [    Test worker] liquibase                                : classpath:/liquibase/db.changelog-master.xml: liquibase/changelogs/db.changelog.03__routes.xml::4::algis: Sequence routes_seq created
2016-11-07 02:46:13.432  INFO 31659 --- [    Test worker] liquibase                                : classpath:/liquibase/db.changelog-master.xml: liquibase/changelogs/db.changelog.03__routes.xml::4::algis: ChangeSet liquibase/changelogs/db.changelog.03__routes.xml::4::algis ran successfully in 1ms
2016-11-07 02:46:13.436  INFO 31659 --- [    Test worker] liquibase                                : classpath:/liquibase/db.changelog-master.xml: liquibase/changelogs/db.changelog.04__vehicles.xml::1::algis: Table vehicles created
2016-11-07 02:46:13.437  INFO 31659 --- [    Test worker] liquibase                                : classpath:/liquibase/db.changelog-master.xml: liquibase/changelogs/db.changelog.04__vehicles.xml::1::algis: ChangeSet liquibase/changelogs/db.changelog.04__vehicles.xml::1::algis ran successfully in 2ms
2016-11-07 02:46:13.441  INFO 31659 --- [    Test worker] liquibase                                : classpath:/liquibase/db.changelog-master.xml: liquibase/changelogs/db.changelog.04__vehicles.xml::2::algis: Foreign key contraint added to vehicles (route_id)
2016-11-07 02:46:13.442  INFO 31659 --- [    Test worker] liquibase                                : classpath:/liquibase/db.changelog-master.xml: liquibase/changelogs/db.changelog.04__vehicles.xml::2::algis: ChangeSet liquibase/changelogs/db.changelog.04__vehicles.xml::2::algis ran successfully in 2ms
2016-11-07 02:46:13.445  INFO 31659 --- [    Test worker] liquibase                                : classpath:/liquibase/db.changelog-master.xml: liquibase/changelogs/db.changelog.04__vehicles.xml::3::algis: New row inserted into vehicles
2016-11-07 02:46:13.447  INFO 31659 --- [    Test worker] liquibase                                : classpath:/liquibase/db.changelog-master.xml: liquibase/changelogs/db.changelog.04__vehicles.xml::3::algis: New row inserted into vehicles
2016-11-07 02:46:13.448  INFO 31659 --- [    Test worker] liquibase                                : classpath:/liquibase/db.changelog-master.xml: liquibase/changelogs/db.changelog.04__vehicles.xml::3::algis: New row inserted into vehicles
2016-11-07 02:46:13.450  INFO 31659 --- [    Test worker] liquibase                                : classpath:/liquibase/db.changelog-master.xml: liquibase/changelogs/db.changelog.04__vehicles.xml::3::algis: New row inserted into vehicles
2016-11-07 02:46:13.451  INFO 31659 --- [    Test worker] liquibase                                : classpath:/liquibase/db.changelog-master.xml: liquibase/changelogs/db.changelog.04__vehicles.xml::3::algis: ChangeSet liquibase/changelogs/db.changelog.04__vehicles.xml::3::algis ran successfully in 6ms
2016-11-07 02:46:13.454  INFO 31659 --- [    Test worker] liquibase                                : classpath:/liquibase/db.changelog-master.xml: liquibase/changelogs/db.changelog.04__vehicles.xml::4::algis: Sequence vehicle_seq created
2016-11-07 02:46:13.455  INFO 31659 --- [    Test worker] liquibase                                : classpath:/liquibase/db.changelog-master.xml: liquibase/changelogs/db.changelog.04__vehicles.xml::4::algis: ChangeSet liquibase/changelogs/db.changelog.04__vehicles.xml::4::algis ran successfully in 2ms
2016-11-07 02:46:13.457  INFO 31659 --- [    Test worker] liquibase                                : classpath:/liquibase/db.changelog-master.xml: liquibase/changelogs/db.changelog.05__terminal_types.xml::1::alex: Table terminal_types created
2016-11-07 02:46:13.457  INFO 31659 --- [    Test worker] liquibase                                : classpath:/liquibase/db.changelog-master.xml: liquibase/changelogs/db.changelog.05__terminal_types.xml::1::alex: ChangeSet liquibase/changelogs/db.changelog.05__terminal_types.xml::1::alex ran successfully in 1ms
2016-11-07 02:46:13.460  INFO 31659 --- [    Test worker] liquibase                                : classpath:/liquibase/db.changelog-master.xml: liquibase/changelogs/db.changelog.05__terminal_types.xml::2::alex: New row inserted into terminal_types
2016-11-07 02:46:13.460  INFO 31659 --- [    Test worker] liquibase                                : classpath:/liquibase/db.changelog-master.xml: liquibase/changelogs/db.changelog.05__terminal_types.xml::2::alex: New row inserted into terminal_types
2016-11-07 02:46:13.461  INFO 31659 --- [    Test worker] liquibase                                : classpath:/liquibase/db.changelog-master.xml: liquibase/changelogs/db.changelog.05__terminal_types.xml::2::alex: New row inserted into terminal_types
2016-11-07 02:46:13.463  INFO 31659 --- [    Test worker] liquibase                                : classpath:/liquibase/db.changelog-master.xml: liquibase/changelogs/db.changelog.05__terminal_types.xml::2::alex: New row inserted into terminal_types
2016-11-07 02:46:13.463  INFO 31659 --- [    Test worker] liquibase                                : classpath:/liquibase/db.changelog-master.xml: liquibase/changelogs/db.changelog.05__terminal_types.xml::2::alex: New row inserted into terminal_types
2016-11-07 02:46:13.464  INFO 31659 --- [    Test worker] liquibase                                : classpath:/liquibase/db.changelog-master.xml: liquibase/changelogs/db.changelog.05__terminal_types.xml::2::alex: ChangeSet liquibase/changelogs/db.changelog.05__terminal_types.xml::2::alex ran successfully in 5ms
2016-11-07 02:46:13.466  INFO 31659 --- [    Test worker] liquibase                                : classpath:/liquibase/db.changelog-master.xml: liquibase/changelogs/db.changelog.05__terminal_types.xml::3::alex: Sequence terminal_types_sec created
2016-11-07 02:46:13.467  INFO 31659 --- [    Test worker] liquibase                                : classpath:/liquibase/db.changelog-master.xml: liquibase/changelogs/db.changelog.05__terminal_types.xml::3::alex: ChangeSet liquibase/changelogs/db.changelog.05__terminal_types.xml::3::alex ran successfully in 1ms
2016-11-07 02:46:13.469  INFO 31659 --- [    Test worker] liquibase                                : classpath:/liquibase/db.changelog-master.xml: liquibase/changelogs/db.changelog.06__terminals.xml::1::alex: Table terminals created
2016-11-07 02:46:13.469  INFO 31659 --- [    Test worker] liquibase                                : classpath:/liquibase/db.changelog-master.xml: liquibase/changelogs/db.changelog.06__terminals.xml::1::alex: ChangeSet liquibase/changelogs/db.changelog.06__terminals.xml::1::alex ran successfully in 1ms
2016-11-07 02:46:13.472  INFO 31659 --- [    Test worker] liquibase                                : classpath:/liquibase/db.changelog-master.xml: liquibase/changelogs/db.changelog.06__terminals.xml::2::alex: Foreign key contraint added to terminals (vehicle_id)
2016-11-07 02:46:13.473  INFO 31659 --- [    Test worker] liquibase                                : classpath:/liquibase/db.changelog-master.xml: liquibase/changelogs/db.changelog.06__terminals.xml::2::alex: ChangeSet liquibase/changelogs/db.changelog.06__terminals.xml::2::alex ran successfully in 2ms
2016-11-07 02:46:13.475  INFO 31659 --- [    Test worker] liquibase                                : classpath:/liquibase/db.changelog-master.xml: liquibase/changelogs/db.changelog.06__terminals.xml::3::alex: Foreign key contraint added to terminals (terminal_type_id)
2016-11-07 02:46:13.475  INFO 31659 --- [    Test worker] liquibase                                : classpath:/liquibase/db.changelog-master.xml: liquibase/changelogs/db.changelog.06__terminals.xml::3::alex: ChangeSet liquibase/changelogs/db.changelog.06__terminals.xml::3::alex ran successfully in 1ms
2016-11-07 02:46:13.478  INFO 31659 --- [    Test worker] liquibase                                : classpath:/liquibase/db.changelog-master.xml: liquibase/changelogs/db.changelog.06__terminals.xml::4::alex: New row inserted into terminals
2016-11-07 02:46:13.480  INFO 31659 --- [    Test worker] liquibase                                : classpath:/liquibase/db.changelog-master.xml: liquibase/changelogs/db.changelog.06__terminals.xml::4::alex: New row inserted into terminals
2016-11-07 02:46:13.480  INFO 31659 --- [    Test worker] liquibase                                : classpath:/liquibase/db.changelog-master.xml: liquibase/changelogs/db.changelog.06__terminals.xml::4::alex: New row inserted into terminals
2016-11-07 02:46:13.481  INFO 31659 --- [    Test worker] liquibase                                : classpath:/liquibase/db.changelog-master.xml: liquibase/changelogs/db.changelog.06__terminals.xml::4::alex: New row inserted into terminals
2016-11-07 02:46:13.483  INFO 31659 --- [    Test worker] liquibase                                : classpath:/liquibase/db.changelog-master.xml: liquibase/changelogs/db.changelog.06__terminals.xml::4::alex: New row inserted into terminals
2016-11-07 02:46:13.483  INFO 31659 --- [    Test worker] liquibase                                : classpath:/liquibase/db.changelog-master.xml: liquibase/changelogs/db.changelog.06__terminals.xml::4::alex: ChangeSet liquibase/changelogs/db.changelog.06__terminals.xml::4::alex ran successfully in 5ms
2016-11-07 02:46:13.486  INFO 31659 --- [    Test worker] liquibase                                : classpath:/liquibase/db.changelog-master.xml: liquibase/changelogs/db.changelog.06__terminals.xml::5::alex: Sequence terminals_sec created
2016-11-07 02:46:13.486  INFO 31659 --- [    Test worker] liquibase                                : classpath:/liquibase/db.changelog-master.xml: liquibase/changelogs/db.changelog.06__terminals.xml::5::alex: ChangeSet liquibase/changelogs/db.changelog.06__terminals.xml::5::alex ran successfully in 0ms
2016-11-07 02:46:13.488  INFO 31659 --- [    Test worker] liquibase                                : classpath:/liquibase/db.changelog-master.xml: liquibase/changelogs/db.changelog.07__tokens.xml::1::alex: Table tokens created
2016-11-07 02:46:13.488  INFO 31659 --- [    Test worker] liquibase                                : classpath:/liquibase/db.changelog-master.xml: liquibase/changelogs/db.changelog.07__tokens.xml::1::alex: ChangeSet liquibase/changelogs/db.changelog.07__tokens.xml::1::alex ran successfully in 1ms
2016-11-07 02:46:13.490  INFO 31659 --- [    Test worker] liquibase                                : classpath:/liquibase/db.changelog-master.xml: liquibase/changelogs/db.changelog.07__tokens.xml::2::alex: Sequence tokens_seq created
2016-11-07 02:46:13.490  INFO 31659 --- [    Test worker] liquibase                                : classpath:/liquibase/db.changelog-master.xml: liquibase/changelogs/db.changelog.07__tokens.xml::2::alex: ChangeSet liquibase/changelogs/db.changelog.07__tokens.xml::2::alex ran successfully in 0ms
2016-11-07 02:46:13.492  INFO 31659 --- [    Test worker] liquibase                                : classpath:/liquibase/db.changelog-master.xml: liquibase/changelogs/db.changelog.07__tokens.xml::3::alex: New row inserted into tokens
2016-11-07 02:46:13.492  INFO 31659 --- [    Test worker] liquibase                                : classpath:/liquibase/db.changelog-master.xml: liquibase/changelogs/db.changelog.07__tokens.xml::3::alex: New row inserted into tokens
2016-11-07 02:46:13.492  INFO 31659 --- [    Test worker] liquibase                                : classpath:/liquibase/db.changelog-master.xml: liquibase/changelogs/db.changelog.07__tokens.xml::3::alex: ChangeSet liquibase/changelogs/db.changelog.07__tokens.xml::3::alex ran successfully in 1ms
2016-11-07 02:46:13.495  INFO 31659 --- [    Test worker] liquibase                                : classpath:/liquibase/db.changelog-master.xml: liquibase/changelogs/db.changelog.08__trips.xml::1::dmitry: Table trips created
2016-11-07 02:46:13.495  INFO 31659 --- [    Test worker] liquibase                                : classpath:/liquibase/db.changelog-master.xml: liquibase/changelogs/db.changelog.08__trips.xml::1::dmitry: ChangeSet liquibase/changelogs/db.changelog.08__trips.xml::1::dmitry ran successfully in 1ms
2016-11-07 02:46:13.498  INFO 31659 --- [    Test worker] liquibase                                : classpath:/liquibase/db.changelog-master.xml: liquibase/changelogs/db.changelog.08__trips.xml::2::dmitry: Foreign key contraint added to trips (vehicle_id)
2016-11-07 02:46:13.499  INFO 31659 --- [    Test worker] liquibase                                : classpath:/liquibase/db.changelog-master.xml: liquibase/changelogs/db.changelog.08__trips.xml::2::dmitry: ChangeSet liquibase/changelogs/db.changelog.08__trips.xml::2::dmitry ran successfully in 2ms
2016-11-07 02:46:13.500  INFO 31659 --- [    Test worker] liquibase                                : classpath:/liquibase/db.changelog-master.xml: liquibase/changelogs/db.changelog.08__trips.xml::3::dmitry: Sequence trips_seq created
2016-11-07 02:46:13.501  INFO 31659 --- [    Test worker] liquibase                                : classpath:/liquibase/db.changelog-master.xml: liquibase/changelogs/db.changelog.08__trips.xml::3::dmitry: ChangeSet liquibase/changelogs/db.changelog.08__trips.xml::3::dmitry ran successfully in 1ms
2016-11-07 02:46:13.503  INFO 31659 --- [    Test worker] liquibase                                : classpath:/liquibase/db.changelog-master.xml: liquibase/changelogs/db.changelog.09__rides.xml::1::dmitry: Table rides created
2016-11-07 02:46:13.504  INFO 31659 --- [    Test worker] liquibase                                : classpath:/liquibase/db.changelog-master.xml: liquibase/changelogs/db.changelog.09__rides.xml::1::dmitry: ChangeSet liquibase/changelogs/db.changelog.09__rides.xml::1::dmitry ran successfully in 2ms
2016-11-07 02:46:13.507  INFO 31659 --- [    Test worker] liquibase                                : classpath:/liquibase/db.changelog-master.xml: liquibase/changelogs/db.changelog.09__rides.xml::2::dmitry: Foreign key contraint added to rides (trip_id)
2016-11-07 02:46:13.507  INFO 31659 --- [    Test worker] liquibase                                : classpath:/liquibase/db.changelog-master.xml: liquibase/changelogs/db.changelog.09__rides.xml::2::dmitry: ChangeSet liquibase/changelogs/db.changelog.09__rides.xml::2::dmitry ran successfully in 1ms
2016-11-07 02:46:13.509  INFO 31659 --- [    Test worker] liquibase                                : classpath:/liquibase/db.changelog-master.xml: liquibase/changelogs/db.changelog.09__rides.xml::3::dmitry: Foreign key contraint added to rides (token_id)
2016-11-07 02:46:13.509  INFO 31659 --- [    Test worker] liquibase                                : classpath:/liquibase/db.changelog-master.xml: liquibase/changelogs/db.changelog.09__rides.xml::3::dmitry: ChangeSet liquibase/changelogs/db.changelog.09__rides.xml::3::dmitry ran successfully in 0ms
2016-11-07 02:46:13.511  INFO 31659 --- [    Test worker] liquibase                                : classpath:/liquibase/db.changelog-master.xml: liquibase/changelogs/db.changelog.09__rides.xml::4::dmitry: Sequence rides_seq created
2016-11-07 02:46:13.511  INFO 31659 --- [    Test worker] liquibase                                : classpath:/liquibase/db.changelog-master.xml: liquibase/changelogs/db.changelog.09__rides.xml::4::dmitry: ChangeSet liquibase/changelogs/db.changelog.09__rides.xml::4::dmitry ran successfully in 1ms
2016-11-07 02:46:13.513  INFO 31659 --- [    Test worker] liquibase                                : classpath:/liquibase/db.changelog-master.xml: liquibase/changelogs/db.changelog.10__token_types.xml::1::algis: Table token_types created
2016-11-07 02:46:13.513  INFO 31659 --- [    Test worker] liquibase                                : classpath:/liquibase/db.changelog-master.xml: liquibase/changelogs/db.changelog.10__token_types.xml::1::algis: ChangeSet liquibase/changelogs/db.changelog.10__token_types.xml::1::algis ran successfully in 1ms
2016-11-07 02:46:13.517  INFO 31659 --- [    Test worker] liquibase                                : classpath:/liquibase/db.changelog-master.xml: liquibase/changelogs/db.changelog.10__token_types.xml::2::algis: New row inserted into token_types
2016-11-07 02:46:13.518  INFO 31659 --- [    Test worker] liquibase                                : classpath:/liquibase/db.changelog-master.xml: liquibase/changelogs/db.changelog.10__token_types.xml::2::algis: New row inserted into token_types
2016-11-07 02:46:13.518  INFO 31659 --- [    Test worker] liquibase                                : classpath:/liquibase/db.changelog-master.xml: liquibase/changelogs/db.changelog.10__token_types.xml::2::algis: New row inserted into token_types
2016-11-07 02:46:13.520  INFO 31659 --- [    Test worker] liquibase                                : classpath:/liquibase/db.changelog-master.xml: liquibase/changelogs/db.changelog.10__token_types.xml::2::algis: New row inserted into token_types
2016-11-07 02:46:13.521  INFO 31659 --- [    Test worker] liquibase                                : classpath:/liquibase/db.changelog-master.xml: liquibase/changelogs/db.changelog.10__token_types.xml::2::algis: New row inserted into token_types
2016-11-07 02:46:13.521  INFO 31659 --- [    Test worker] liquibase                                : classpath:/liquibase/db.changelog-master.xml: liquibase/changelogs/db.changelog.10__token_types.xml::2::algis: ChangeSet liquibase/changelogs/db.changelog.10__token_types.xml::2::algis ran successfully in 4ms
2016-11-07 02:46:13.524  INFO 31659 --- [    Test worker] liquibase                                : classpath:/liquibase/db.changelog-master.xml: liquibase/changelogs/db.changelog.10__token_types.xml::3::algis: Sequence token_types_seq created
2016-11-07 02:46:13.524  INFO 31659 --- [    Test worker] liquibase                                : classpath:/liquibase/db.changelog-master.xml: liquibase/changelogs/db.changelog.10__token_types.xml::3::algis: ChangeSet liquibase/changelogs/db.changelog.10__token_types.xml::3::algis ran successfully in 1ms
2016-11-07 02:46:13.526  INFO 31659 --- [    Test worker] liquibase                                : classpath:/liquibase/db.changelog-master.xml: liquibase/changelogs/db.changelog.11__ticket_types.xml::1::algis: Table ticket_types created
2016-11-07 02:46:13.526  INFO 31659 --- [    Test worker] liquibase                                : classpath:/liquibase/db.changelog-master.xml: liquibase/changelogs/db.changelog.11__ticket_types.xml::1::algis: ChangeSet liquibase/changelogs/db.changelog.11__ticket_types.xml::1::algis ran successfully in 1ms
2016-11-07 02:46:13.528  INFO 31659 --- [    Test worker] liquibase                                : classpath:/liquibase/db.changelog-master.xml: liquibase/changelogs/db.changelog.11__ticket_types.xml::2::algis: New row inserted into ticket_types
2016-11-07 02:46:13.528  INFO 31659 --- [    Test worker] liquibase                                : classpath:/liquibase/db.changelog-master.xml: liquibase/changelogs/db.changelog.11__ticket_types.xml::2::algis: New row inserted into ticket_types
2016-11-07 02:46:13.529  INFO 31659 --- [    Test worker] liquibase                                : classpath:/liquibase/db.changelog-master.xml: liquibase/changelogs/db.changelog.11__ticket_types.xml::2::algis: New row inserted into ticket_types
2016-11-07 02:46:13.529  INFO 31659 --- [    Test worker] liquibase                                : classpath:/liquibase/db.changelog-master.xml: liquibase/changelogs/db.changelog.11__ticket_types.xml::2::algis: New row inserted into ticket_types
2016-11-07 02:46:13.529  INFO 31659 --- [    Test worker] liquibase                                : classpath:/liquibase/db.changelog-master.xml: liquibase/changelogs/db.changelog.11__ticket_types.xml::2::algis: ChangeSet liquibase/changelogs/db.changelog.11__ticket_types.xml::2::algis ran successfully in 1ms
2016-11-07 02:46:13.531  INFO 31659 --- [    Test worker] liquibase                                : classpath:/liquibase/db.changelog-master.xml: liquibase/changelogs/db.changelog.11__ticket_types.xml::3::algis: Sequence ticket_types created
2016-11-07 02:46:13.531  INFO 31659 --- [    Test worker] liquibase                                : classpath:/liquibase/db.changelog-master.xml: liquibase/changelogs/db.changelog.11__ticket_types.xml::3::algis: ChangeSet liquibase/changelogs/db.changelog.11__ticket_types.xml::3::algis ran successfully in 1ms
2016-11-07 02:46:13.533  INFO 31659 --- [    Test worker] liquibase                                : classpath:/liquibase/db.changelog-master.xml: liquibase/changelogs/db.changelog.12__ticket_types_per_token.xml::1::algis: Table ticket_types_per_token created
2016-11-07 02:46:13.533  INFO 31659 --- [    Test worker] liquibase                                : classpath:/liquibase/db.changelog-master.xml: liquibase/changelogs/db.changelog.12__ticket_types_per_token.xml::1::algis: ChangeSet liquibase/changelogs/db.changelog.12__ticket_types_per_token.xml::1::algis ran successfully in 1ms
2016-11-07 02:46:13.536  INFO 31659 --- [    Test worker] liquibase                                : classpath:/liquibase/db.changelog-master.xml: liquibase/changelogs/db.changelog.12__ticket_types_per_token.xml::2::algis: Foreign key contraint added to ticket_types_per_token (token_type_id)
2016-11-07 02:46:13.536  INFO 31659 --- [    Test worker] liquibase                                : classpath:/liquibase/db.changelog-master.xml: liquibase/changelogs/db.changelog.12__ticket_types_per_token.xml::2::algis: ChangeSet liquibase/changelogs/db.changelog.12__ticket_types_per_token.xml::2::algis ran successfully in 1ms
2016-11-07 02:46:13.539  INFO 31659 --- [    Test worker] liquibase                                : classpath:/liquibase/db.changelog-master.xml: liquibase/changelogs/db.changelog.12__ticket_types_per_token.xml::3::algis: Foreign key contraint added to ticket_types_per_token (ticket_type_id)
2016-11-07 02:46:13.540  INFO 31659 --- [    Test worker] liquibase                                : classpath:/liquibase/db.changelog-master.xml: liquibase/changelogs/db.changelog.12__ticket_types_per_token.xml::3::algis: ChangeSet liquibase/changelogs/db.changelog.12__ticket_types_per_token.xml::3::algis ran successfully in 2ms
2016-11-07 02:46:13.545  INFO 31659 --- [    Test worker] liquibase                                : classpath:/liquibase/db.changelog-master.xml: liquibase/changelogs/db.changelog.12__ticket_types_per_token.xml::4::algis: New row inserted into ticket_types_per_token
2016-11-07 02:46:13.546  INFO 31659 --- [    Test worker] liquibase                                : classpath:/liquibase/db.changelog-master.xml: liquibase/changelogs/db.changelog.12__ticket_types_per_token.xml::4::algis: New row inserted into ticket_types_per_token
2016-11-07 02:46:13.547  INFO 31659 --- [    Test worker] liquibase                                : classpath:/liquibase/db.changelog-master.xml: liquibase/changelogs/db.changelog.12__ticket_types_per_token.xml::4::algis: New row inserted into ticket_types_per_token
2016-11-07 02:46:13.548  INFO 31659 --- [    Test worker] liquibase                                : classpath:/liquibase/db.changelog-master.xml: liquibase/changelogs/db.changelog.12__ticket_types_per_token.xml::4::algis: New row inserted into ticket_types_per_token
2016-11-07 02:46:13.549  INFO 31659 --- [    Test worker] liquibase                                : classpath:/liquibase/db.changelog-master.xml: liquibase/changelogs/db.changelog.12__ticket_types_per_token.xml::4::algis: New row inserted into ticket_types_per_token
2016-11-07 02:46:13.551  INFO 31659 --- [    Test worker] liquibase                                : classpath:/liquibase/db.changelog-master.xml: liquibase/changelogs/db.changelog.12__ticket_types_per_token.xml::4::algis: New row inserted into ticket_types_per_token
2016-11-07 02:46:13.553  INFO 31659 --- [    Test worker] liquibase                                : classpath:/liquibase/db.changelog-master.xml: liquibase/changelogs/db.changelog.12__ticket_types_per_token.xml::4::algis: New row inserted into ticket_types_per_token
2016-11-07 02:46:13.554  INFO 31659 --- [    Test worker] liquibase                                : classpath:/liquibase/db.changelog-master.xml: liquibase/changelogs/db.changelog.12__ticket_types_per_token.xml::4::algis: New row inserted into ticket_types_per_token
2016-11-07 02:46:13.554  INFO 31659 --- [    Test worker] liquibase                                : classpath:/liquibase/db.changelog-master.xml: liquibase/changelogs/db.changelog.12__ticket_types_per_token.xml::4::algis: ChangeSet liquibase/changelogs/db.changelog.12__ticket_types_per_token.xml::4::algis ran successfully in 10ms
2016-11-07 02:46:13.558  INFO 31659 --- [    Test worker] liquibase                                : classpath:/liquibase/db.changelog-master.xml: liquibase/changelogs/db.changelog.12__ticket_types_per_token.xml::5::algis: Sequence ticket_types_per_token_seq created
2016-11-07 02:46:13.558  INFO 31659 --- [    Test worker] liquibase                                : classpath:/liquibase/db.changelog-master.xml: liquibase/changelogs/db.changelog.12__ticket_types_per_token.xml::5::algis: ChangeSet liquibase/changelogs/db.changelog.12__ticket_types_per_token.xml::5::algis ran successfully in 1ms
2016-11-07 02:46:13.560  INFO 31659 --- [    Test worker] liquibase                                : classpath:/liquibase/db.changelog-master.xml: liquibase/changelogs/db.changelog.13__tickets.xml::1::algis: Table tickets created
2016-11-07 02:46:13.560  INFO 31659 --- [    Test worker] liquibase                                : classpath:/liquibase/db.changelog-master.xml: liquibase/changelogs/db.changelog.13__tickets.xml::1::algis: ChangeSet liquibase/changelogs/db.changelog.13__tickets.xml::1::algis ran successfully in 1ms
2016-11-07 02:46:13.562  INFO 31659 --- [    Test worker] liquibase                                : classpath:/liquibase/db.changelog-master.xml: liquibase/changelogs/db.changelog.13__tickets.xml::2::algis: Foreign key contraint added to tickets (token_id)
2016-11-07 02:46:13.567  INFO 31659 --- [    Test worker] liquibase                                : classpath:/liquibase/db.changelog-master.xml: liquibase/changelogs/db.changelog.13__tickets.xml::2::algis: ChangeSet liquibase/changelogs/db.changelog.13__tickets.xml::2::algis ran successfully in 5ms
2016-11-07 02:46:13.570  INFO 31659 --- [    Test worker] liquibase                                : classpath:/liquibase/db.changelog-master.xml: liquibase/changelogs/db.changelog.13__tickets.xml::3::algis: Foreign key contraint added to tickets (issue_terminal_id)
2016-11-07 02:46:13.571  INFO 31659 --- [    Test worker] liquibase                                : classpath:/liquibase/db.changelog-master.xml: liquibase/changelogs/db.changelog.13__tickets.xml::3::algis: ChangeSet liquibase/changelogs/db.changelog.13__tickets.xml::3::algis ran successfully in 1ms
2016-11-07 02:46:13.572  INFO 31659 --- [    Test worker] liquibase                                : classpath:/liquibase/db.changelog-master.xml: liquibase/changelogs/db.changelog.13__tickets.xml::5::alex: New row inserted into tickets
2016-11-07 02:46:13.573  INFO 31659 --- [    Test worker] liquibase                                : classpath:/liquibase/db.changelog-master.xml: liquibase/changelogs/db.changelog.13__tickets.xml::5::alex: New row inserted into tickets
2016-11-07 02:46:13.574  INFO 31659 --- [    Test worker] liquibase                                : classpath:/liquibase/db.changelog-master.xml: liquibase/changelogs/db.changelog.13__tickets.xml::5::alex: ChangeSet liquibase/changelogs/db.changelog.13__tickets.xml::5::alex ran successfully in 2ms
2016-11-07 02:46:13.575  INFO 31659 --- [    Test worker] liquibase                                : classpath:/liquibase/db.changelog-master.xml: liquibase/changelogs/db.changelog.13__tickets.xml::6::algis: Sequence tickets_seq created
2016-11-07 02:46:13.575  INFO 31659 --- [    Test worker] liquibase                                : classpath:/liquibase/db.changelog-master.xml: liquibase/changelogs/db.changelog.13__tickets.xml::6::algis: ChangeSet liquibase/changelogs/db.changelog.13__tickets.xml::6::algis ran successfully in 0ms
2016-11-07 02:46:13.577  INFO 31659 --- [    Test worker] liquibase                                : classpath:/liquibase/db.changelog-master.xml: liquibase/changelogs/db.changelog.14__trips_active_column.xml::1::algis: Columns is_ongoing(BOOLEAN) added to trips
2016-11-07 02:46:13.577  INFO 31659 --- [    Test worker] liquibase                                : classpath:/liquibase/db.changelog-master.xml: liquibase/changelogs/db.changelog.14__trips_active_column.xml::1::algis: ChangeSet liquibase/changelogs/db.changelog.14__trips_active_column.xml::1::algis ran successfully in 1ms
2016-11-07 02:46:13.579  INFO 31659 --- [    Test worker] liquibase                                : classpath:/liquibase/db.changelog-master.xml: liquibase/changelogs/db.changelog.14__trips_active_column.xml::2::algis: New row inserted into trips
2016-11-07 02:46:13.579  INFO 31659 --- [    Test worker] liquibase                                : classpath:/liquibase/db.changelog-master.xml: liquibase/changelogs/db.changelog.14__trips_active_column.xml::2::algis: New row inserted into trips
2016-11-07 02:46:13.579  INFO 31659 --- [    Test worker] liquibase                                : classpath:/liquibase/db.changelog-master.xml: liquibase/changelogs/db.changelog.14__trips_active_column.xml::2::algis: ChangeSet liquibase/changelogs/db.changelog.14__trips_active_column.xml::2::algis ran successfully in 1ms
2016-11-07 02:46:13.581  INFO 31659 --- [    Test worker] liquibase                                : classpath:/liquibase/db.changelog-master.xml: liquibase/changelogs/db.changelog.15__prepaid_rides.xml::1::algis: Table prepaid_rides created
2016-11-07 02:46:13.581  INFO 31659 --- [    Test worker] liquibase                                : classpath:/liquibase/db.changelog-master.xml: liquibase/changelogs/db.changelog.15__prepaid_rides.xml::1::algis: ChangeSet liquibase/changelogs/db.changelog.15__prepaid_rides.xml::1::algis ran successfully in 1ms
2016-11-07 02:46:13.584  INFO 31659 --- [    Test worker] liquibase                                : classpath:/liquibase/db.changelog-master.xml: liquibase/changelogs/db.changelog.15__prepaid_rides.xml::2::algis: Foreign key contraint added to prepaid_rides (ticket_id)
2016-11-07 02:46:13.584  INFO 31659 --- [    Test worker] liquibase                                : classpath:/liquibase/db.changelog-master.xml: liquibase/changelogs/db.changelog.15__prepaid_rides.xml::2::algis: ChangeSet liquibase/changelogs/db.changelog.15__prepaid_rides.xml::2::algis ran successfully in 1ms
2016-11-07 02:46:13.585  INFO 31659 --- [    Test worker] liquibase                                : classpath:/liquibase/db.changelog-master.xml: liquibase/changelogs/db.changelog.15__prepaid_rides.xml::3::alex: New row inserted into prepaid_rides
2016-11-07 02:46:13.585  INFO 31659 --- [    Test worker] liquibase                                : classpath:/liquibase/db.changelog-master.xml: liquibase/changelogs/db.changelog.15__prepaid_rides.xml::3::alex: New row inserted into prepaid_rides
2016-11-07 02:46:13.586  INFO 31659 --- [    Test worker] liquibase                                : classpath:/liquibase/db.changelog-master.xml: liquibase/changelogs/db.changelog.15__prepaid_rides.xml::3::alex: ChangeSet liquibase/changelogs/db.changelog.15__prepaid_rides.xml::3::alex ran successfully in 1ms
2016-11-07 02:46:13.587  INFO 31659 --- [    Test worker] liquibase                                : classpath:/liquibase/db.changelog-master.xml: liquibase/changelogs/db.changelog.16__one_timers.xml::1::algis: Table one_timers created
2016-11-07 02:46:13.587  INFO 31659 --- [    Test worker] liquibase                                : classpath:/liquibase/db.changelog-master.xml: liquibase/changelogs/db.changelog.16__one_timers.xml::1::algis: ChangeSet liquibase/changelogs/db.changelog.16__one_timers.xml::1::algis ran successfully in 0ms
2016-11-07 02:46:13.589  INFO 31659 --- [    Test worker] liquibase                                : classpath:/liquibase/db.changelog-master.xml: liquibase/changelogs/db.changelog.16__one_timers.xml::2::algis: Foreign key contraint added to one_timers (ticket_id)
2016-11-07 02:46:13.589  INFO 31659 --- [    Test worker] liquibase                                : classpath:/liquibase/db.changelog-master.xml: liquibase/changelogs/db.changelog.16__one_timers.xml::2::algis: ChangeSet liquibase/changelogs/db.changelog.16__one_timers.xml::2::algis ran successfully in 1ms
2016-11-07 02:46:13.591  INFO 31659 --- [    Test worker] liquibase                                : classpath:/liquibase/db.changelog-master.xml: liquibase/changelogs/db.changelog.16__one_timers.xml::3::algis: Foreign key contraint added to one_timers (trip_id)
2016-11-07 02:46:13.591  INFO 31659 --- [    Test worker] liquibase                                : classpath:/liquibase/db.changelog-master.xml: liquibase/changelogs/db.changelog.16__one_timers.xml::3::algis: ChangeSet liquibase/changelogs/db.changelog.16__one_timers.xml::3::algis ran successfully in 1ms
2016-11-07 02:46:13.594  INFO 31659 --- [    Test worker] liquibase                                : Successfully released change log lock
2016-11-07 02:46:13.647  INFO 31659 --- [    Test worker] j.LocalContainerEntityManagerFactoryBean : Building JPA container EntityManagerFactory for persistence unit 'default'
2016-11-07 02:46:13.659  INFO 31659 --- [    Test worker] o.hibernate.jpa.internal.util.LogHelper  : HHH000204: Processing PersistenceUnitInfo [
	name: default
	...]
2016-11-07 02:46:13.692  INFO 31659 --- [    Test worker] org.hibernate.Version                    : HHH000412: Hibernate Core {4.3.11.Final}
2016-11-07 02:46:13.693  INFO 31659 --- [    Test worker] org.hibernate.cfg.Environment            : HHH000206: hibernate.properties not found
2016-11-07 02:46:13.694  INFO 31659 --- [    Test worker] org.hibernate.cfg.Environment            : HHH000021: Bytecode provider name : javassist
2016-11-07 02:46:13.770  INFO 31659 --- [    Test worker] o.hibernate.annotations.common.Version   : HCANN000001: Hibernate Commons Annotations {4.0.5.Final}
2016-11-07 02:46:13.796  INFO 31659 --- [    Test worker] org.hibernate.dialect.Dialect            : HHH000400: Using dialect: org.hibernate.dialect.HSQLDialect
2016-11-07 02:46:13.907  INFO 31659 --- [    Test worker] o.h.h.i.ast.ASTQueryTranslatorFactory    : HHH000397: Using ASTQueryTranslatorFactory
2016-11-07 02:46:14.054  INFO 31659 --- [    Test worker] o.h.tool.hbm2ddl.SchemaValidator         : HHH000229: Running schema validator
2016-11-07 02:46:14.054  INFO 31659 --- [    Test worker] o.h.tool.hbm2ddl.SchemaValidator         : HHH000102: Fetching database metadata
2016-11-07 02:46:14.068  INFO 31659 --- [    Test worker] o.hibernate.tool.hbm2ddl.TableMetadata   : HHH000261: Table found: PUBLIC.PUBLIC.ONE_TIMERS
2016-11-07 02:46:14.068  INFO 31659 --- [    Test worker] o.hibernate.tool.hbm2ddl.TableMetadata   : HHH000037: Columns: [trip_id, ticket_id]
2016-11-07 02:46:14.069  INFO 31659 --- [    Test worker] o.hibernate.tool.hbm2ddl.TableMetadata   : HHH000261: Table found: PUBLIC.PUBLIC.PREPAID_RIDES
2016-11-07 02:46:14.069  INFO 31659 --- [    Test worker] o.hibernate.tool.hbm2ddl.TableMetadata   : HHH000037: Columns: [balance, ticket_id]
2016-11-07 02:46:14.070  INFO 31659 --- [    Test worker] o.hibernate.tool.hbm2ddl.TableMetadata   : HHH000261: Table found: PUBLIC.PUBLIC.RIDES
2016-11-07 02:46:14.070  INFO 31659 --- [    Test worker] o.hibernate.tool.hbm2ddl.TableMetadata   : HHH000037: Columns: [trip_id, token_id, id]
2016-11-07 02:46:14.072  INFO 31659 --- [    Test worker] o.hibernate.tool.hbm2ddl.TableMetadata   : HHH000261: Table found: PUBLIC.PUBLIC.ROUTES
2016-11-07 02:46:14.072  INFO 31659 --- [    Test worker] o.hibernate.tool.hbm2ddl.TableMetadata   : HHH000037: Columns: [transport_type_id, code, name, id]
2016-11-07 02:46:14.074  INFO 31659 --- [    Test worker] o.hibernate.tool.hbm2ddl.TableMetadata   : HHH000261: Table found: PUBLIC.PUBLIC.TERMINAL_TYPES
2016-11-07 02:46:14.074  INFO 31659 --- [    Test worker] o.hibernate.tool.hbm2ddl.TableMetadata   : HHH000037: Columns: [name, id]
2016-11-07 02:46:14.074  INFO 31659 --- [    Test worker] o.hibernate.tool.hbm2ddl.TableMetadata   : HHH000261: Table found: PUBLIC.PUBLIC.TERMINALS
2016-11-07 02:46:14.074  INFO 31659 --- [    Test worker] o.hibernate.tool.hbm2ddl.TableMetadata   : HHH000037: Columns: [id, terminal_type_id, vehicle_id]
2016-11-07 02:46:14.075  INFO 31659 --- [    Test worker] o.hibernate.tool.hbm2ddl.TableMetadata   : HHH000261: Table found: PUBLIC.PUBLIC.TICKETS
2016-11-07 02:46:14.076  INFO 31659 --- [    Test worker] o.hibernate.tool.hbm2ddl.TableMetadata   : HHH000037: Columns: [token_id, issue_terminal_id, id]
2016-11-07 02:46:14.076  INFO 31659 --- [    Test worker] o.hibernate.tool.hbm2ddl.TableMetadata   : HHH000261: Table found: PUBLIC.PUBLIC.TOKEN_TYPES
2016-11-07 02:46:14.076  INFO 31659 --- [    Test worker] o.hibernate.tool.hbm2ddl.TableMetadata   : HHH000037: Columns: [name, id]
2016-11-07 02:46:14.077  INFO 31659 --- [    Test worker] o.hibernate.tool.hbm2ddl.TableMetadata   : HHH000261: Table found: PUBLIC.PUBLIC.TOKENS
2016-11-07 02:46:14.077  INFO 31659 --- [    Test worker] o.hibernate.tool.hbm2ddl.TableMetadata   : HHH000037: Columns: [trip_id, id, token_type_id]
2016-11-07 02:46:14.078  INFO 31659 --- [    Test worker] o.hibernate.tool.hbm2ddl.TableMetadata   : HHH000261: Table found: PUBLIC.PUBLIC.TRANSPORT_TYPES
2016-11-07 02:46:14.078  INFO 31659 --- [    Test worker] o.hibernate.tool.hbm2ddl.TableMetadata   : HHH000037: Columns: [code, name, id]
2016-11-07 02:46:14.079  INFO 31659 --- [    Test worker] o.hibernate.tool.hbm2ddl.TableMetadata   : HHH000261: Table found: PUBLIC.PUBLIC.TRIPS
2016-11-07 02:46:14.080  INFO 31659 --- [    Test worker] o.hibernate.tool.hbm2ddl.TableMetadata   : HHH000037: Columns: [is_ongoing, id, vehicle_id]
2016-11-07 02:46:14.081  INFO 31659 --- [    Test worker] o.hibernate.tool.hbm2ddl.TableMetadata   : HHH000261: Table found: PUBLIC.PUBLIC.VEHICLES
2016-11-07 02:46:14.081  INFO 31659 --- [    Test worker] o.hibernate.tool.hbm2ddl.TableMetadata   : HHH000037: Columns: [route_id, car_code, id]
2016-11-07 02:46:14.082  WARN 31659 --- [    Test worker] o.h.engine.jdbc.spi.SqlExceptionHelper   : SQL Warning Code: -1100, SQLState: 02000
2016-11-07 02:46:14.082  WARN 31659 --- [    Test worker] o.h.engine.jdbc.spi.SqlExceptionHelper   : no data
2016-11-07 02:46:14.210  INFO 31659 --- [    Test worker] l.j.java3.databasetmp.RouteDAOImplTest   : Started RouteDAOImplTest in 2.248 seconds (JVM running for 2.699)
2016-11-07 02:46:14.256  INFO 31659 --- [    Test worker] o.s.t.c.transaction.TransactionContext   : Began transaction (1) for test context [DefaultTestContext@2bda4697 testClass = RouteDAOImplTest, testInstance = lv.javaguru.java3.databasetmp.RouteDAOImplTest@347b847d, testMethod = test@RouteDAOImplTest, testException = [null], mergedContextConfiguration = [MergedContextConfiguration@693888e testClass = RouteDAOImplTest, locations = '{}', classes = '{class lv.javaguru.java3.config.CoreConfig}', contextInitializerClasses = '[]', activeProfiles = '{}', propertySourceLocations = '{}', propertySourceProperties = '{}', contextLoader = 'org.springframework.boot.test.SpringApplicationContextLoader', parent = [null]]]; transaction manager [org.springframework.orm.jpa.JpaTransactionManager@2464e9]; rollback [true]
lv.javaguru.java3.database.impl.vehicles.RouteDAOImpl@7982e608
Hibernate: select this_.id as id1_3_1_, this_.code as code2_3_1_, this_.name as name3_3_1_, this_.transport_type_id as transpor4_3_1_, transportt2_.id as id1_9_0_, transportt2_.code as code2_9_0_, transportt2_.name as name3_9_0_ from routes this_ left outer join transport_types transportt2_ on this_.transport_type_id=transportt2_.id
2016-11-07 02:46:14.280  INFO 31659 --- [    Test worker] o.s.t.c.transaction.TransactionContext   : Rolled back transaction for test context [DefaultTestContext@2bda4697 testClass = RouteDAOImplTest, testInstance = lv.javaguru.java3.databasetmp.RouteDAOImplTest@347b847d, testMethod = test@RouteDAOImplTest, testException = [null], mergedContextConfiguration = [MergedContextConfiguration@693888e testClass = RouteDAOImplTest, locations = '{}', classes = '{class lv.javaguru.java3.config.CoreConfig}', contextInitializerClasses = '[]', activeProfiles = '{}', propertySourceLocations = '{}', propertySourceProperties = '{}', contextLoader = 'org.springframework.boot.test.SpringApplicationContextLoader', parent = [null]]].
]]></system-out>
  <system-err><![CDATA[]]></system-err>
</testsuite>
