<?xml version="1.0" encoding="UTF-8"?>
<testsuite name="lv.javaguru.java3.databasetmp.VehicleDAOImplTest" tests="1" skipped="0" failures="0" errors="0" timestamp="2016-11-07T00:46:14" hostname="Speedy" time="0.004">
  <properties/>
  <testcase name="test" classname="lv.javaguru.java3.databasetmp.VehicleDAOImplTest" time="0.004"/>
  <system-out><![CDATA[2016-11-07 02:46:14.335  INFO 31659 --- [    Test worker] o.s.t.c.s.DefaultTestContextBootstrapper : Loaded default TestExecutionListener class names from location [META-INF/spring.factories]: [org.springframework.test.context.web.ServletTestExecutionListener, org.springframework.test.context.support.DependencyInjectionTestExecutionListener, org.springframework.test.context.support.DirtiesContextTestExecutionListener, org.springframework.test.context.transaction.TransactionalTestExecutionListener, org.springframework.test.context.jdbc.SqlScriptsTestExecutionListener]
2016-11-07 02:46:14.336  INFO 31659 --- [    Test worker] o.s.t.c.s.DefaultTestContextBootstrapper : Could not instantiate TestExecutionListener [org.springframework.test.context.web.ServletTestExecutionListener]. Specify custom listener classes or make the default listener classes (and their required dependencies) available. Offending class: [javax/servlet/ServletContext]
2016-11-07 02:46:14.336  INFO 31659 --- [    Test worker] o.s.t.c.s.DefaultTestContextBootstrapper : Using TestExecutionListeners: [org.springframework.test.context.support.DependencyInjectionTestExecutionListener@47e29236, org.springframework.test.context.support.DirtiesContextTestExecutionListener@1a9a3816, org.springframework.test.context.transaction.TransactionalTestExecutionListener@760b0a8, org.springframework.test.context.jdbc.SqlScriptsTestExecutionListener@724933c]
2016-11-07 02:46:14.342  INFO 31659 --- [    Test worker] o.s.t.c.transaction.TransactionContext   : Began transaction (1) for test context [DefaultTestContext@1df20c78 testClass = VehicleDAOImplTest, testInstance = lv.javaguru.java3.databasetmp.VehicleDAOImplTest@3eecd189, testMethod = test@VehicleDAOImplTest, testException = [null], mergedContextConfiguration = [MergedContextConfiguration@4c8cf62a testClass = VehicleDAOImplTest, locations = '{}', classes = '{class lv.javaguru.java3.config.CoreConfig}', contextInitializerClasses = '[]', activeProfiles = '{}', propertySourceLocations = '{}', propertySourceProperties = '{}', contextLoader = 'org.springframework.boot.test.SpringApplicationContextLoader', parent = [null]]]; transaction manager [org.springframework.orm.jpa.JpaTransactionManager@2464e9]; rollback [true]
Hibernate: select vehicle0_.id as id1_11_0_, vehicle0_.car_code as car_code2_11_0_, vehicle0_.route_id as route_id3_11_0_, route1_.id as id1_3_1_, route1_.code as code2_3_1_, route1_.name as name3_3_1_, route1_.transport_type_id as transpor4_3_1_, transportt2_.id as id1_9_2_, transportt2_.code as code2_9_2_, transportt2_.name as name3_9_2_, trips3_.vehicle_id as vehicle_3_11_3_, trips3_.id as id1_10_3_, trips3_.id as id1_10_4_, trips3_.is_ongoing as is_ongoi2_10_4_, trips3_.vehicle_id as vehicle_3_10_4_ from vehicles vehicle0_ left outer join routes route1_ on vehicle0_.route_id=route1_.id left outer join transport_types transportt2_ on route1_.transport_type_id=transportt2_.id left outer join trips trips3_ on vehicle0_.id=trips3_.vehicle_id and ( trips3_.is_ongoing = 1)  where vehicle0_.id=?
Vehicle{id=1, carCode='Abus-0001', route=Route{id=1, code='A1', name='Oceania - Eurasia', transportType=TransportType{id=1, code='A', name='Bus'}}}
Route{id=1, code='A1', name='Oceania - Eurasia', transportType=TransportType{id=1, code='A', name='Bus'}}
Trip{id=2, vehicleId=1, isOngoing=true}
2016-11-07 02:46:14.345  INFO 31659 --- [    Test worker] o.s.t.c.transaction.TransactionContext   : Rolled back transaction for test context [DefaultTestContext@1df20c78 testClass = VehicleDAOImplTest, testInstance = lv.javaguru.java3.databasetmp.VehicleDAOImplTest@3eecd189, testMethod = test@VehicleDAOImplTest, testException = [null], mergedContextConfiguration = [MergedContextConfiguration@4c8cf62a testClass = VehicleDAOImplTest, locations = '{}', classes = '{class lv.javaguru.java3.config.CoreConfig}', contextInitializerClasses = '[]', activeProfiles = '{}', propertySourceLocations = '{}', propertySourceProperties = '{}', contextLoader = 'org.springframework.boot.test.SpringApplicationContextLoader', parent = [null]]].
]]></system-out>
  <system-err><![CDATA[]]></system-err>
</testsuite>
