<?xml version="1.0" encoding="UTF-8"?>
<testsuite name="lv.javaguru.java3.integrations.rest.RESTResourceTest" tests="1" skipped="1" failures="0" errors="0" timestamp="2016-11-07T01:40:08" hostname="Speedy" time="0.0">
  <properties/>
  <testcase name="initializationError" classname="lv.javaguru.java3.integrations.rest.RESTResourceTest" time="0.0">
    <skipped/>
  </testcase>
  <system-out><![CDATA[]]></system-out>
  <system-err><![CDATA[]]></system-err>
</testsuite>
